#
# There is insufficient memory for the Java Runtime Environment to continue.
# Native memory allocation (mmap) failed to map 130023424 bytes. Error detail: G1 virtual space
# Possible reasons:
#   The system is out of physical RAM or swap space
#   This process is running with CompressedOops enabled, and the Java Heap may be blocking the growth of the native heap
# Possible solutions:
#   Reduce memory load on the system
#   Increase physical memory or swap space
#   Check if swap backing store is full
#   Decrease Java heap size (-Xmx/-Xms)
#   Decrease number of Java threads
#   Decrease Java thread stack sizes (-Xss)
#   Set larger code cache with -XX:ReservedCodeCacheSize=
#   JVM is running with Unscaled Compressed Oops mode in which the Java heap is
#     placed in the first 4GB address space. The Java Heap base address is the
#     maximum limit for the native heap growth. Please use -XX:HeapBaseMinAddress
#     to set the Java Heap base and to place the Java Heap above 4GB virtual address.
# This output file may be truncated or incomplete.
#
#  Out of Memory Error (os_windows.cpp:3703), pid=34256, tid=37660
#
# JRE version:  (23.0+37) (build )
# Java VM: Java HotSpot(TM) 64-Bit Server VM (23+37-2369, mixed mode, sharing, tiered, compressed oops, compressed class ptrs, g1 gc, windows-amd64)
# No core dump will be written. Minidumps are not enabled by default on client versions of Windows
#

---------------  S U M M A R Y ------------

Command Line: -Dfile.encoding=UTF-8 --module-path=C:\Users\abhiy\OneDrive\Desktop\VidyutBill\VidyutBill\build\classes electricity.billing.system.Project

Host: 12th Gen Intel(R) Core(TM) i5-1240P, 16 cores, 7G,  Windows 11 , 64 bit Build 22621 (10.0.22621.4391)
Time: Fri Nov 15 18:05:07 2024 India Standard Time elapsed time: 0.015321 seconds (0d 0h 0m 0s)

---------------  T H R E A D  ---------------

Current thread (0x000002165507f530):  JavaThread "Unknown thread" [_thread_in_vm, id=37660, stack(0x000000dd57400000,0x000000dd57500000) (1024K)]

Stack: [0x000000dd57400000,0x000000dd57500000]
Native frames: (J=compiled Java code, j=interpreted, Vv=VM code, C=native code)
V  [jvm.dll+0x6e08a9]  (no source info available)
V  [jvm.dll+0x87da63]  (no source info available)
V  [jvm.dll+0x87feee]  (no source info available)
V  [jvm.dll+0x8805c3]  (no source info available)
V  [jvm.dll+0x27aee6]  (no source info available)
V  [jvm.dll+0x6dd1b5]  (no source info available)
V  [jvm.dll+0x6d103a]  (no source info available)
V  [jvm.dll+0x35b3ea]  (no source info available)
V  [jvm.dll+0x3637f6]  (no source info available)
V  [jvm.dll+0x34fd5e]  (no source info available)
V  [jvm.dll+0x34fff8]  (no source info available)
V  [jvm.dll+0x3289cc]  (no source info available)
V  [jvm.dll+0x32966e]  (no source info available)
V  [jvm.dll+0x8442e5]  (no source info available)
V  [jvm.dll+0x3b9848]  (no source info available)
V  [jvm.dll+0x82d0dc]  (no source info available)
V  [jvm.dll+0x454d4e]  (no source info available)
V  [jvm.dll+0x456bd1]  (no source info available)
C  [jli.dll+0x52a3]  (no source info available)
C  [ucrtbase.dll+0x29333]  (no source info available)
C  [KERNEL32.DLL+0x1259d]  (no source info available)
C  [ntdll.dll+0x5af38]  (no source info available)

Lock stack of current Java thread (top to bottom):


---------------  P R O C E S S  ---------------

Threads class SMR info:
_java_thread_list=0x00007ff9a81a3618, length=0, elements={
}

Java Threads: ( => current thread )
Total: 0

Other Threads:
  0x00000216574a0f60 WorkerThread "GC Thread#0"                     [id=33444, stack(0x000000dd57500000,0x000000dd57600000) (1024K)]
  0x00000216574b6480 ConcurrentGCThread "G1 Main Marker"            [id=35708, stack(0x000000dd57600000,0x000000dd57700000) (1024K)]
  0x00000216574b6f90 WorkerThread "G1 Conc#0"                       [id=30700, stack(0x000000dd57700000,0x000000dd57800000) (1024K)]

[error occurred during error reporting (printing all threads), id 0xc0000005, EXCEPTION_ACCESS_VIOLATION (0xc0000005) at pc=0x00007ff9a78ebfba]
VM state: not at safepoint (not fully initialized)

VM Mutex/Monitor currently owned by a thread:  ([mutex/lock_event])
[0x00007ff9a8223a10] Heap_lock - owner thread: 0x000002165507f530

Heap address: 0x0000000084800000, size: 1976 MB, Compressed Oops mode: 32-bit

CDS archive(s) mapped at: [0x0000000000000000-0x0000000000000000-0x0000000000000000), size 0, SharedBaseAddress: 0x0000000800000000, ArchiveRelocationMode: 1.
Narrow klass base: 0x0000000000000000, Narrow klass shift: 0, Narrow klass range: 0x0

GC Precious Log:
 CardTable entry size: 512
 Card Set container configuration: InlinePtr #cards 5 size 8 Array Of Cards #cards 10 size 36 Howl #buckets 4 coarsen threshold 1843 Howl Bitmap #cards 512 size 80 coarsen threshold 460 Card regions per heap region 1 cards per card region 2048

Heap:
 garbage-first heap   total reserved 2023424K, committed 0K, used 0K [0x0000000084800000, 0x0000000100000000)
  region size 1024K, 0 young (0K), 0 survivors (0K)

[error occurred during error reporting (printing heap information), id 0xc0000005, EXCEPTION_ACCESS_VIOLATION (0xc0000005) at pc=0x00007ff9a7cec3b9]
GC Heap History (0 events):
No events

Dll operation events (1 events):
Event: 0.010 Loaded shared library C:\Program Files\Java\jdk-23\bin\java.dll

Deoptimization events (0 events):
No events

Classes loaded (0 events):
No events

Classes unloaded (0 events):
No events

Classes redefined (0 events):
No events

Internal exceptions (0 events):
No events

VM Operations (0 events):
No events

Memory protections (0 events):
No events

Nmethod flushes (0 events):
No events

Events (0 events):
No events


Dynamic libraries:
0x00007ff685cb0000 - 0x00007ff685cc0000 	C:\Program Files\Java\jdk-23\bin\java.exe
0x00007ffa400d0000 - 0x00007ffa402e7000 	C:\WINDOWS\SYSTEM32\ntdll.dll
0x00007ffa3ef20000 - 0x00007ffa3efe4000 	C:\WINDOWS\System32\KERNEL32.DLL
0x00007ffa3d7c0000 - 0x00007ffa3db79000 	C:\WINDOWS\System32\KERNELBASE.dll
0x00007ffa3d500000 - 0x00007ffa3d611000 	C:\WINDOWS\System32\ucrtbase.dll
0x00007ffa1f5e0000 - 0x00007ffa1f5f7000 	C:\Program Files\Java\jdk-23\bin\jli.dll
0x00007ffa338c0000 - 0x00007ffa338db000 	C:\Program Files\Java\jdk-23\bin\VCRUNTIME140.dll
0x00007ffa3fd80000 - 0x00007ffa3ff2e000 	C:\WINDOWS\System32\USER32.dll
0x00007ffa1f830000 - 0x00007ffa1fac2000 	C:\WINDOWS\WinSxS\amd64_microsoft.windows.common-controls_6595b64144ccf1df_6.0.22621.4391_none_2715d37f73803e96\COMCTL32.dll
0x00007ffa3dca0000 - 0x00007ffa3dcc6000 	C:\WINDOWS\System32\win32u.dll
0x00007ffa3f070000 - 0x00007ffa3f117000 	C:\WINDOWS\System32\msvcrt.dll
0x00007ffa40060000 - 0x00007ffa40089000 	C:\WINDOWS\System32\GDI32.dll
0x00007ffa3dcd0000 - 0x00007ffa3ddeb000 	C:\WINDOWS\System32\gdi32full.dll
0x00007ffa3dc00000 - 0x00007ffa3dc9a000 	C:\WINDOWS\System32\msvcp_win.dll
0x00007ffa3fd40000 - 0x00007ffa3fd71000 	C:\WINDOWS\System32\IMM32.DLL
0x00007ffa35780000 - 0x00007ffa3578c000 	C:\Program Files\Java\jdk-23\bin\vcruntime140_1.dll
0x00007ffa23490000 - 0x00007ffa2351e000 	C:\Program Files\Java\jdk-23\bin\msvcp140.dll
0x00007ff9a75b0000 - 0x00007ff9a82ff000 	C:\Program Files\Java\jdk-23\bin\server\jvm.dll
0x00007ffa3e420000 - 0x00007ffa3e4d2000 	C:\WINDOWS\System32\ADVAPI32.dll
0x00007ffa3ec90000 - 0x00007ffa3ed37000 	C:\WINDOWS\System32\sechost.dll
0x00007ffa3d620000 - 0x00007ffa3d648000 	C:\WINDOWS\System32\bcrypt.dll
0x00007ffa3e750000 - 0x00007ffa3e864000 	C:\WINDOWS\System32\RPCRT4.dll
0x00007ffa3e4f0000 - 0x00007ffa3e561000 	C:\WINDOWS\System32\WS2_32.dll
0x00007ffa3c260000 - 0x00007ffa3c2ad000 	C:\WINDOWS\SYSTEM32\POWRPROF.dll
0x00007ffa358c0000 - 0x00007ffa358f4000 	C:\WINDOWS\SYSTEM32\WINMM.dll
0x00007ffa31400000 - 0x00007ffa3140a000 	C:\WINDOWS\SYSTEM32\VERSION.dll
0x00007ffa3c240000 - 0x00007ffa3c253000 	C:\WINDOWS\SYSTEM32\UMPDC.dll
0x00007ffa3c500000 - 0x00007ffa3c518000 	C:\WINDOWS\SYSTEM32\kernel.appcore.dll
0x00007ffa356d0000 - 0x00007ffa356da000 	C:\Program Files\Java\jdk-23\bin\jimage.dll
0x00007ffa3a730000 - 0x00007ffa3a962000 	C:\WINDOWS\SYSTEM32\DBGHELP.DLL
0x00007ffa3f120000 - 0x00007ffa3f4af000 	C:\WINDOWS\System32\combase.dll
0x00007ffa3ee40000 - 0x00007ffa3ef17000 	C:\WINDOWS\System32\OLEAUT32.dll
0x00007ffa30af0000 - 0x00007ffa30b22000 	C:\WINDOWS\SYSTEM32\dbgcore.DLL
0x00007ffa3db80000 - 0x00007ffa3dbfb000 	C:\WINDOWS\System32\bcryptPrimitives.dll
0x00007ffa2f330000 - 0x00007ffa2f34e000 	C:\Program Files\Java\jdk-23\bin\java.dll
0x00007ffa3e270000 - 0x00007ffa3e415000 	C:\WINDOWS\System32\ole32.dll
0x00007ffa3f4c0000 - 0x00007ffa3fd36000 	C:\WINDOWS\System32\SHELL32.dll

dbghelp: loaded successfully - version: 4.0.5 - missing functions: none
symbol engine: initialized successfully - sym options: 0x614 - pdb path: .;C:\Program Files\Java\jdk-23\bin;C:\WINDOWS\SYSTEM32;C:\WINDOWS\WinSxS\amd64_microsoft.windows.common-controls_6595b64144ccf1df_6.0.22621.4391_none_2715d37f73803e96;C:\Program Files\Java\jdk-23\bin\server

VM Arguments:
jvm_args: -Dfile.encoding=UTF-8 --module-path=C:\Users\abhiy\OneDrive\Desktop\VidyutBill\VidyutBill\build\classes 
java_command: electricity.billing.system.Project
java_class_path (initial): C:\Users\abhiy\Downloads\mysql-connector-java-8.0.28.jar;C:\Users\abhiy\OneDrive\Documents\MySqlJdbcDriver\mysql-connector-j-9.1.0.jar;C:\Users\abhiy\OneDrive\Desktop\VidyutBill\VidyutBill\build\classes
Launcher Type: SUN_STANDARD

[Global flags]
     intx CICompilerCount                          = 12                                        {product} {ergonomic}
     uint ConcGCThreads                            = 3                                         {product} {ergonomic}
     uint G1ConcRefinementThreads                  = 13                                        {product} {ergonomic}
   size_t G1HeapRegionSize                         = 1048576                                   {product} {ergonomic}
   size_t InitialHeapSize                          = 130023424                                 {product} {ergonomic}
   size_t MarkStackSize                            = 4194304                                   {product} {ergonomic}
   size_t MarkStackSizeMax                         = 536870912                                 {product} {ergonomic}
   size_t MaxHeapSize                              = 2071986176                                {product} {ergonomic}
   size_t MinHeapDeltaBytes                        = 1048576                                   {product} {ergonomic}
   size_t MinHeapSize                              = 8388608                                   {product} {ergonomic}
    uintx NonNMethodCodeHeapSize                   = 7602176                                {pd product} {ergonomic}
    uintx NonProfiledCodeHeapSize                  = 122093568                              {pd product} {ergonomic}
    uintx ProfiledCodeHeapSize                     = 121962496                              {pd product} {ergonomic}
    uintx ReservedCodeCacheSize                    = 251658240                              {pd product} {ergonomic}
     bool SegmentedCodeCache                       = true                                      {product} {ergonomic}
   size_t SoftMaxHeapSize                          = 2071986176                             {manageable} {ergonomic}
     bool UseCompressedOops                        = true                           {product lp64_product} {ergonomic}
     bool UseG1GC                                  = true                                      {product} {ergonomic}
     bool UseLargePagesIndividualAllocation        = false                                  {pd product} {ergonomic}

Logging:
Log output configuration:
 #0: stdout all=warning uptime,level,tags foldmultilines=false
 #1: stderr all=off uptime,level,tags foldmultilines=false

Environment Variables:
PATH=C:\app\abhiy\product\21c\dbhomeXE\bin;C:\Python312\Scripts\;C:\Python312\;C:\Program Files\Common Files\Oracle\Java\javapath;C:\WINDOWS\system32;C:\WINDOWS;C:\WINDOWS\System32\Wbem;C:\WINDOWS\System32\WindowsPowerShell\v1.0\;C:\WINDOWS\System32\OpenSSH\;C:\MinGW\bin;C:\Program Files\NVIDIA Corporation\NVIDIA NvDLISR;C:\Program Files\Java\jdk-23\bin;C:\Program Files\dotnet\;C:\Program Files\nodejs\;C:\ProgramData\chocolatey\bin;C:\Program Files\nodejs\node_modules\npm\bin;C:\Program Files\PowerShell\7\;C:\Users\abhiy\AppData\Local\Programs\Eclipse Adoptium\jdk-21.0.4.7-hotspot\bin;C:\Users\abhiy\AppData\Local\Microsoft\WindowsApps;C:\Users\abhiy\AppData\Local\Programs\Microsoft VS Code\bin;C:\Users\abhiy\AppData\Roaming\npm
USERNAME=abhiy
OS=Windows_NT
PROCESSOR_IDENTIFIER=Intel64 Family 6 Model 154 Stepping 3, GenuineIntel
TMP=C:\Users\abhiy\AppData\Local\Temp
TEMP=C:\Users\abhiy\AppData\Local\Temp




Periodic native trim disabled

---------------  S Y S T E M  ---------------

OS:
 Windows 11 , 64 bit Build 22621 (10.0.22621.4391)
OS uptime: 0 days 7:03 hours
Hyper-V role detected

CPU: total 16 (initial active 16) (8 cores per cpu, 2 threads per core) family 6 model 154 stepping 3 microcode 0x423, cx8, cmov, fxsr, ht, mmx, 3dnowpref, sse, sse2, sse3, ssse3, sse4.1, sse4.2, popcnt, lzcnt, tsc, tscinvbit, avx, avx2, aes, erms, clmul, bmi1, bmi2, adx, sha, fma, vzeroupper, clflush, clflushopt, clwb, hv, serialize, rdtscp, rdpid, fsrm, gfni, f16c, cet_ibt, cet_ss
Processor Information for processor 0
  Max Mhz: 1700, Current Mhz: 1700, Mhz Limit: 1700
Processor Information for processor 1
  Max Mhz: 1700, Current Mhz: 1700, Mhz Limit: 1700
Processor Information for processor 2
  Max Mhz: 1700, Current Mhz: 1457, Mhz Limit: 1700
Processor Information for processor 3
  Max Mhz: 1700, Current Mhz: 1700, Mhz Limit: 1700
Processor Information for processor 4
  Max Mhz: 1700, Current Mhz: 1700, Mhz Limit: 1700
Processor Information for processor 5
  Max Mhz: 1700, Current Mhz: 1700, Mhz Limit: 1700
Processor Information for processor 6
  Max Mhz: 1700, Current Mhz: 1700, Mhz Limit: 1700
Processor Information for processor 7
  Max Mhz: 1700, Current Mhz: 1700, Mhz Limit: 1700
Processor Information for processor 8
  Max Mhz: 1700, Current Mhz: 1200, Mhz Limit: 1190
Processor Information for processor 9
  Max Mhz: 1700, Current Mhz: 1200, Mhz Limit: 1190
Processor Information for processor 10
  Max Mhz: 1700, Current Mhz: 1200, Mhz Limit: 1190
Processor Information for processor 11
  Max Mhz: 1700, Current Mhz: 1200, Mhz Limit: 1190
Processor Information for processor 12
  Max Mhz: 1700, Current Mhz: 1200, Mhz Limit: 1190
Processor Information for processor 13
  Max Mhz: 1700, Current Mhz: 1200, Mhz Limit: 1190
Processor Information for processor 14
  Max Mhz: 1700, Current Mhz: 1200, Mhz Limit: 1190
Processor Information for processor 15
  Max Mhz: 1700, Current Mhz: 1200, Mhz Limit: 1190

Memory: 4k page, system-wide physical 7896M (457M free)
TotalPageFile size 32472M (AvailPageFile size 111M)
current process WorkingSet (physical memory assigned to process): 12M, peak: 12M
current process commit charge ("private bytes"): 71M, peak: 194M

vm_info: Java HotSpot(TM) 64-Bit Server VM (23+37-2369) for windows-amd64 JRE (23+37-2369), built on 2024-08-20T16:01:23Z with MS VC++ 17.6 (VS2022)

END.
